<?xml version="1.0" encoding="UTF-8"?>
<testng-results ignored="0" total="1" passed="1" failed="0" skipped="0">
  <reporter-output>
  </reporter-output>
  <suite started-at="2023-09-13T22:16:33 BST" name="All Test Suite" finished-at="2023-09-13T22:16:46 BST" duration-ms="12596">
    <groups>
    </groups>
    <test started-at="2023-09-13T22:16:33 BST" name="/Users/nehalejazi/IdeaProjects/DemoGradle2" finished-at="2023-09-13T22:16:46 BST" duration-ms="12596">
      <class name="tests.FirstTest1">
        <test-method signature="testDemo1()[pri:0, instance:tests.FirstTest1@672872e1]" started-at="2023-09-13T22:16:33 BST" name="testDemo1" finished-at="2023-09-13T22:16:46 BST" duration-ms="12521" status="PASS">
          <reporter-output>
          </reporter-output>
        </test-method> <!-- testDemo1 -->
      </class> <!-- tests.FirstTest1 -->
    </test> <!-- /Users/nehalejazi/IdeaProjects/DemoGradle2 -->
  </suite> <!-- All Test Suite -->
</testng-results>
